[0714/005655.820:ERROR:viz_main_impl.cc(170)] Exiting GPU process due to errors during initialization
[0714/005655.860:WARNING:gpu_process_host.cc(1205)] The GPU process has crashed 1 time(s)
[0714/005656.120:ERROR:viz_main_impl.cc(170)] Exiting GPU process due to errors during initialization
[0714/005656.132:WARNING:gpu_process_host.cc(1205)] The GPU process has crashed 2 time(s)
[0714/005703.746:INFO:CONSOLE(1)] "Uncaught (in promise) f: OneSignal: This web push config can only be used on https://communityday.awsugblr.in. Your current origin is file://.", source: https://cdn.onesignal.com/sdks/OneSignalPageSDKES6.js?v=151506 (1)
[0714/005706.865:INFO:CONSOLE(73)] "Google Maps JavaScript API error: RefererNotAllowedMapError
https://developers.google.com/maps/documentation/javascript/error-messages#referer-not-allowed-map-error
Your site URL to be authorized: __file_url__//C:/Users/Dell/OneDrive%20-%20Higher%20Education%20Commission/Documents/GitHub/AWS-Community-Day-Pakistan-2021/index.html", source: https://maps.googleapis.com/maps/api/js?key=AIzaSyCSK4vqrOG3caqUr6dxAVhA7MrdMmq63q0&callback=initMap (73)
[0714/005721.566:INFO:CONSOLE(1)] "Uncaught (in promise) f: OneSignal: This web push config can only be used on https://communityday.awsugblr.in. Your current origin is file://.", source: https://cdn.onesignal.com/sdks/OneSignalPageSDKES6.js?v=151506 (1)
[0714/005723.242:WARNING:spdy_session.cc(3326)] Received HEADERS for invalid stream 57
[0714/005723.321:WARNING:spdy_session.cc(3326)] Received HEADERS for invalid stream 45
[0714/005723.346:WARNING:spdy_session.cc(3326)] Received HEADERS for invalid stream 49
[0714/005723.375:WARNING:spdy_session.cc(3326)] Received HEADERS for invalid stream 47
[0714/005723.496:INFO:CONSOLE(1)] "Uncaught (in promise) f: OneSignal: This web push config can only be used on https://communityday.awsugblr.in. Your current origin is file://.", source: https://cdn.onesignal.com/sdks/OneSignalPageSDKES6.js?v=151506 (1)
[0714/005723.524:WARNING:spdy_session.cc(3326)] Received HEADERS for invalid stream 51
[0714/005723.599:WARNING:spdy_session.cc(3326)] Received HEADERS for invalid stream 53
[0714/005723.927:WARNING:spdy_session.cc(3326)] Received HEADERS for invalid stream 55
[0714/005726.423:INFO:CONSOLE(73)] "Google Maps JavaScript API error: RefererNotAllowedMapError
https://developers.google.com/maps/documentation/javascript/error-messages#referer-not-allowed-map-error
Your site URL to be authorized: __file_url__//C:/Users/Dell/OneDrive%20-%20Higher%20Education%20Commission/Documents/GitHub/AWS-Community-Day-Pakistan-2021/index.html", source: https://maps.googleapis.com/maps/api/js?key=AIzaSyCSK4vqrOG3caqUr6dxAVhA7MrdMmq63q0&callback=initMap (73)
[0714/005734.006:INFO:CONSOLE(1)] "Uncaught (in promise) f: OneSignal: This web push config can only be used on https://communityday.awsugblr.in. Your current origin is file://.", source: https://cdn.onesignal.com/sdks/OneSignalPageSDKES6.js?v=151506 (1)
[0714/005735.786:INFO:CONSOLE(73)] "Google Maps JavaScript API error: RefererNotAllowedMapError
https://developers.google.com/maps/documentation/javascript/error-messages#referer-not-allowed-map-error
Your site URL to be authorized: __file_url__//C:/Users/Dell/OneDrive%20-%20Higher%20Education%20Commission/Documents/GitHub/AWS-Community-Day-Pakistan-2021/index.html", source: https://maps.googleapis.com/maps/api/js?key=AIzaSyCSK4vqrOG3caqUr6dxAVhA7MrdMmq63q0&callback=initMap (73)
[0714/005749.208:WARNING:spdy_session.cc(3326)] Received HEADERS for invalid stream 11
[0714/005749.522:WARNING:spdy_session.cc(3274)] Received WINDOW_UPDATE for invalid stream 17
[0714/005749.523:WARNING:spdy_session.cc(3326)] Received HEADERS for invalid stream 17
[0714/005749.873:INFO:CONSOLE(1)] "Uncaught (in promise) f: OneSignal: This web push config can only be used on https://communityday.awsugblr.in. Your current origin is file://.", source: https://cdn.onesignal.com/sdks/OneSignalPageSDKES6.js?v=151506 (1)
[0714/005749.878:WARNING:spdy_session.cc(3326)] Received HEADERS for invalid stream 13
[0714/005750.616:WARNING:spdy_session.cc(3326)] Received HEADERS for invalid stream 81
[0714/005750.879:WARNING:spdy_session.cc(3274)] Received WINDOW_UPDATE for invalid stream 21
[0714/005750.880:WARNING:spdy_session.cc(3326)] Received HEADERS for invalid stream 21
[0714/005751.019:INFO:CONSOLE(1)] "Uncaught (in promise) f: OneSignal: This web push config can only be used on https://communityday.awsugblr.in. Your current origin is file://.", source: https://cdn.onesignal.com/sdks/OneSignalPageSDKES6.js?v=151506 (1)
[0714/005752.660:INFO:CONSOLE(73)] "Google Maps JavaScript API error: RefererNotAllowedMapError
https://developers.google.com/maps/documentation/javascript/error-messages#referer-not-allowed-map-error
Your site URL to be authorized: __file_url__//C:/Users/Dell/OneDrive%20-%20Higher%20Education%20Commission/Documents/GitHub/AWS-Community-Day-Pakistan-2021/index.html", source: https://maps.googleapis.com/maps/api/js?key=AIzaSyCSK4vqrOG3caqUr6dxAVhA7MrdMmq63q0&callback=initMap (73)
[0714/005802.864:INFO:CONSOLE(1)] "Uncaught (in promise) f: OneSignal: This web push config can only be used on https://communityday.awsugblr.in. Your current origin is file://.", source: https://cdn.onesignal.com/sdks/OneSignalPageSDKES6.js?v=151506 (1)
[0714/005803.256:WARNING:spdy_session.cc(3274)] Received WINDOW_UPDATE for invalid stream 27
[0714/005803.257:WARNING:spdy_session.cc(3326)] Received HEADERS for invalid stream 27
[0714/005803.403:WARNING:spdy_session.cc(3326)] Received HEADERS for invalid stream 87
[0714/005803.866:INFO:CONSOLE(1)] "Uncaught (in promise) f: OneSignal: This web push config can only be used on https://communityday.awsugblr.in. Your current origin is file://.", source: https://cdn.onesignal.com/sdks/OneSignalPageSDKES6.js?v=151506 (1)
[0714/005805.679:WARNING:spdy_session.cc(3326)] Received HEADERS for invalid stream 91
[0714/005806.717:INFO:CONSOLE(1)] "Uncaught (in promise) f: OneSignal: This web push config can only be used on https://communityday.awsugblr.in. Your current origin is file://.", source: https://cdn.onesignal.com/sdks/OneSignalPageSDKES6.js?v=151506 (1)
[0714/005808.316:INFO:CONSOLE(73)] "Google Maps JavaScript API error: RefererNotAllowedMapError
https://developers.google.com/maps/documentation/javascript/error-messages#referer-not-allowed-map-error
Your site URL to be authorized: __file_url__//C:/Users/Dell/OneDrive%20-%20Higher%20Education%20Commission/Documents/GitHub/AWS-Community-Day-Pakistan-2021/index.html", source: https://maps.googleapis.com/maps/api/js?key=AIzaSyCSK4vqrOG3caqUr6dxAVhA7MrdMmq63q0&callback=initMap (73)
[0714/010426.096:INFO:CONSOLE(1)] "Uncaught (in promise) f: OneSignal: This web push config can only be used on https://communityday.awsugblr.in. Your current origin is file://.", source: https://cdn.onesignal.com/sdks/OneSignalPageSDKES6.js?v=151506 (1)
[0714/010428.892:INFO:CONSOLE(73)] "Google Maps JavaScript API error: RefererNotAllowedMapError
https://developers.google.com/maps/documentation/javascript/error-messages#referer-not-allowed-map-error
Your site URL to be authorized: __file_url__//C:/Users/Dell/OneDrive%20-%20Higher%20Education%20Commission/Documents/GitHub/AWS-Community-Day-Pakistan-2021/index.html", source: https://maps.googleapis.com/maps/api/js?key=AIzaSyCSK4vqrOG3caqUr6dxAVhA7MrdMmq63q0&callback=initMap (73)
